STRUCT CORRELATION ANAYSIS
s_deg
	r : -0.12809905609084143
	r2 : 0.01640936817136454

o_deg
	r : -0.15543265546829177
	r2 : 0.02415931038592469

p_freq
	r : -0.12214785971197668
	r2 : 0.014920099632216736

s_p_cofreq
	r : -0.02931338828696997
	r2 : 0.0008592747328626683

o_p_cofreq
	r : -0.13340429336494994
	r2 : 0.017796705488201628

s_o_cofreq
	r : -0.21587242072470958
	r2 : 0.046600902029546025

s min deg neighbnour
	r : -0.15543265546829177
	r2 : 0.02415931038592469

s max deg neighbnour
	r : -0.15543265546829177
	r2 : 0.02415931038592469

s mean deg neighbnour
	r : -0.15543265546829177
	r2 : 0.02415931038592469

s num neighbnours
	r : nan
	r2 : nan

s min freq rel
	r : -0.12214785971197668
	r2 : 0.014920099632216736

s max freq rel
	r : -0.12214785971197668
	r2 : 0.014920099632216736

s mean freq rel
	r : -0.12214785971197668
	r2 : 0.014920099632216736

s num rels
	r : nan
	r2 : nan

o min deg neighbnour
	r : -0.10893758488897716
	r2 : 0.011867397401443104

o max deg neighbnour
	r : -0.13086735764784482
	r2 : 0.01712626529772893

o mean deg neighbnour
	r : -0.12898198288083482
	r2 : 0.016636351907871966

o num neighbnours
	r : -0.11404637095571755
	r2 : 0.013006574728169136

o min freq rel
	r : -0.10426724696731815
	r2 : 0.010871658790143715

o max freq rel
	r : -0.12726162028485793
	r2 : 0.016195519997527365

o mean freq rel
	r : -0.11532232655335418
	r2 : 0.01329923900167846

o num rels
	r : -0.06380400499105551
	r2 : 0.004070951052898637


HYP EFFECT ANAYSIS
loss single-element alternates -> mrr:
	 MarginRankingLoss -> 0.291910004689961
	 BCEWithLogitsLoss -> 0.3820301258213889
	 CrossEntropyLoss -> 0.1595244037555858

neg_samp single-element alternates -> mrr:
	 BasicNegativeSampler -> 0.3820301258213889
	 BernoulliNegativeSampler -> 0.33249124551667875
	 PseudoTypedNegativeSampler -> 0.02801146647361952

lr single-element alternates -> mrr:
	 0.01 -> 0.3820301258213889
	 0.0001 -> 0.003040088794462221
	 1e-06 -> 0.00021762297056435187

reg_coeff single-element alternates -> mrr:
	 0.01 -> 0.3820301258213889
	 0.0001 -> 0.22657105811968595
	 1e-06 -> 0.19583056337690902

npp single-element alternates -> mrr:
	 5 -> 0.3391029583510178
	 25 -> 0.3820301258213889
	 125 -> 0.2142191672842314

margin single-element alternates -> mrr:
	 None -> 0.3820301258213889

dim single-element alternates -> mrr:
	 50 -> 0.3816209041859787
	 100 -> 0.3820301258213889
	 250 -> 0.3798933846138019


STRUCTURAL CUTTOFF ANALYSIS
Overall
	best mrr: 0.3820301258213889
	best hyp id: 733
	best hyperparameters: {'loss': 'BCEWithLogitsLoss', 'neg_samp': 'BasicNegativeSampler', 'lr': 0.01, 'reg_coeff': 0.01, 'npp': 25, 'margin': None, 'dim': 100}

For s_deg < median ((1, 2.0, 22))
	best mrr: 0.3406925091249388
	best hyp id: 732
	best hyperparameters: {'loss': 'BCEWithLogitsLoss', 'neg_samp': 'BasicNegativeSampler', 'lr': 0.01, 'reg_coeff': 0.01, 'npp': 25, 'margin': None, 'dim': 50}

For s_deg > median ((1, 2.0, 22))
	best mrr: 0.5133374779334731
	best hyp id: 733
	best hyperparameters: {'loss': 'BCEWithLogitsLoss', 'neg_samp': 'BasicNegativeSampler', 'lr': 0.01, 'reg_coeff': 0.01, 'npp': 25, 'margin': None, 'dim': 100}
For o_deg < median ((1, 15.0, 781))
	best mrr: 0.46551230969683643
	best hyp id: 734
	best hyperparameters: {'loss': 'BCEWithLogitsLoss', 'neg_samp': 'BasicNegativeSampler', 'lr': 0.01, 'reg_coeff': 0.01, 'npp': 25, 'margin': None, 'dim': 250}

For o_deg > median ((1, 15.0, 781))
	best mrr: 0.335638000054537
	best hyp id: 263
	best hyperparameters: {'loss': 'MarginRankingLoss', 'neg_samp': 'BernoulliNegativeSampler', 'lr': 0.01, 'reg_coeff': 0.01, 'npp': 125, 'margin': 2, 'dim': 50}
For p_freq < median ((9, 458.0, 3006))
	best mrr: 0.42731685161160937
	best hyp id: 734
	best hyperparameters: {'loss': 'BCEWithLogitsLoss', 'neg_samp': 'BasicNegativeSampler', 'lr': 0.01, 'reg_coeff': 0.01, 'npp': 25, 'margin': None, 'dim': 250}

For p_freq > median ((9, 458.0, 3006))
	best mrr: 0.35952262082731873
	best hyp id: 733
	best hyperparameters: {'loss': 'BCEWithLogitsLoss', 'neg_samp': 'BasicNegativeSampler', 'lr': 0.01, 'reg_coeff': 0.01, 'npp': 25, 'margin': None, 'dim': 100}
For s_p_cofreq < median ((0, 0.0, 22))
	best mrr: 0.4119657160065148
	best hyp id: 732
	best hyperparameters: {'loss': 'BCEWithLogitsLoss', 'neg_samp': 'BasicNegativeSampler', 'lr': 0.01, 'reg_coeff': 0.01, 'npp': 25, 'margin': None, 'dim': 50}

For s_p_cofreq > median ((0, 0.0, 22))
	best mrr: 0.3266050959145745
	best hyp id: 734
	best hyperparameters: {'loss': 'BCEWithLogitsLoss', 'neg_samp': 'BasicNegativeSampler', 'lr': 0.01, 'reg_coeff': 0.01, 'npp': 25, 'margin': None, 'dim': 250}
For o_p_cofreq < median ((0, 7.0, 701))
	best mrr: 0.4986277127934841
	best hyp id: 733
	best hyperparameters: {'loss': 'BCEWithLogitsLoss', 'neg_samp': 'BasicNegativeSampler', 'lr': 0.01, 'reg_coeff': 0.01, 'npp': 25, 'margin': None, 'dim': 100}

For o_p_cofreq > median ((0, 7.0, 701))
	best mrr: 0.28813230164563186
	best hyp id: 263
	best hyperparameters: {'loss': 'MarginRankingLoss', 'neg_samp': 'BernoulliNegativeSampler', 'lr': 0.01, 'reg_coeff': 0.01, 'npp': 125, 'margin': 2, 'dim': 50}
For s_o_cofreq < median ((0, 0.0, 2))
	best mrr: 0.28497126480731527
	best hyp id: 734
	best hyperparameters: {'loss': 'BCEWithLogitsLoss', 'neg_samp': 'BasicNegativeSampler', 'lr': 0.01, 'reg_coeff': 0.01, 'npp': 25, 'margin': None, 'dim': 250}

For s_o_cofreq > median ((0, 0.0, 2))
	best mrr: 0.7940323183434054
	best hyp id: 731
	best hyperparameters: {'loss': 'BCEWithLogitsLoss', 'neg_samp': 'BasicNegativeSampler', 'lr': 0.01, 'reg_coeff': 0.01, 'npp': 5, 'margin': None, 'dim': 250}
For s min deg neighbnour < median ((1, 15.0, 781))
	best mrr: 0.46551230969683643
	best hyp id: 734
	best hyperparameters: {'loss': 'BCEWithLogitsLoss', 'neg_samp': 'BasicNegativeSampler', 'lr': 0.01, 'reg_coeff': 0.01, 'npp': 25, 'margin': None, 'dim': 250}

For s min deg neighbnour > median ((1, 15.0, 781))
	best mrr: 0.335638000054537
	best hyp id: 263
	best hyperparameters: {'loss': 'MarginRankingLoss', 'neg_samp': 'BernoulliNegativeSampler', 'lr': 0.01, 'reg_coeff': 0.01, 'npp': 125, 'margin': 2, 'dim': 50}
For s max deg neighbnour < median ((1, 15.0, 781))
	best mrr: 0.46551230969683643
	best hyp id: 734
	best hyperparameters: {'loss': 'BCEWithLogitsLoss', 'neg_samp': 'BasicNegativeSampler', 'lr': 0.01, 'reg_coeff': 0.01, 'npp': 25, 'margin': None, 'dim': 250}

For s max deg neighbnour > median ((1, 15.0, 781))
	best mrr: 0.335638000054537
	best hyp id: 263
	best hyperparameters: {'loss': 'MarginRankingLoss', 'neg_samp': 'BernoulliNegativeSampler', 'lr': 0.01, 'reg_coeff': 0.01, 'npp': 125, 'margin': 2, 'dim': 50}
For s mean deg neighbnour < median ((1.0, 15.0, 781.0))
	best mrr: 0.46551230969683643
	best hyp id: 734
	best hyperparameters: {'loss': 'BCEWithLogitsLoss', 'neg_samp': 'BasicNegativeSampler', 'lr': 0.01, 'reg_coeff': 0.01, 'npp': 25, 'margin': None, 'dim': 250}

For s mean deg neighbnour > median ((1.0, 15.0, 781.0))
	best mrr: 0.335638000054537
	best hyp id: 263
	best hyperparameters: {'loss': 'MarginRankingLoss', 'neg_samp': 'BernoulliNegativeSampler', 'lr': 0.01, 'reg_coeff': 0.01, 'npp': 125, 'margin': 2, 'dim': 50}
For s num neighbnours < median ((1, 1.0, 1))
	best mrr: 0.3820301258213889
	best hyp id: 733
	best hyperparameters: {'loss': 'BCEWithLogitsLoss', 'neg_samp': 'BasicNegativeSampler', 'lr': 0.01, 'reg_coeff': 0.01, 'npp': 25, 'margin': None, 'dim': 100}

For s num neighbnours > median ((1, 1.0, 1))
	median = max, so no upper-set exists

For s min freq rel < median ((9, 458.0, 3006))
	best mrr: 0.42731685161160937
	best hyp id: 734
	best hyperparameters: {'loss': 'BCEWithLogitsLoss', 'neg_samp': 'BasicNegativeSampler', 'lr': 0.01, 'reg_coeff': 0.01, 'npp': 25, 'margin': None, 'dim': 250}

For s min freq rel > median ((9, 458.0, 3006))
	best mrr: 0.35952262082731873
	best hyp id: 733
	best hyperparameters: {'loss': 'BCEWithLogitsLoss', 'neg_samp': 'BasicNegativeSampler', 'lr': 0.01, 'reg_coeff': 0.01, 'npp': 25, 'margin': None, 'dim': 100}
For s max freq rel < median ((9, 458.0, 3006))
	best mrr: 0.42731685161160937
	best hyp id: 734
	best hyperparameters: {'loss': 'BCEWithLogitsLoss', 'neg_samp': 'BasicNegativeSampler', 'lr': 0.01, 'reg_coeff': 0.01, 'npp': 25, 'margin': None, 'dim': 250}

For s max freq rel > median ((9, 458.0, 3006))
	best mrr: 0.35952262082731873
	best hyp id: 733
	best hyperparameters: {'loss': 'BCEWithLogitsLoss', 'neg_samp': 'BasicNegativeSampler', 'lr': 0.01, 'reg_coeff': 0.01, 'npp': 25, 'margin': None, 'dim': 100}
For s mean freq rel < median ((9.0, 458.0, 3006.0))
	best mrr: 0.42731685161160937
	best hyp id: 734
	best hyperparameters: {'loss': 'BCEWithLogitsLoss', 'neg_samp': 'BasicNegativeSampler', 'lr': 0.01, 'reg_coeff': 0.01, 'npp': 25, 'margin': None, 'dim': 250}

For s mean freq rel > median ((9.0, 458.0, 3006.0))
	best mrr: 0.35952262082731873
	best hyp id: 733
	best hyperparameters: {'loss': 'BCEWithLogitsLoss', 'neg_samp': 'BasicNegativeSampler', 'lr': 0.01, 'reg_coeff': 0.01, 'npp': 25, 'margin': None, 'dim': 100}
For s num rels < median ((1, 1.0, 1))
	best mrr: 0.3820301258213889
	best hyp id: 733
	best hyperparameters: {'loss': 'BCEWithLogitsLoss', 'neg_samp': 'BasicNegativeSampler', 'lr': 0.01, 'reg_coeff': 0.01, 'npp': 25, 'margin': None, 'dim': 100}

For s num rels > median ((1, 1.0, 1))
	median = max, so no upper-set exists

For o min deg neighbnour < median ((1, 1.0, 22))
	best mrr: 0.33323411342607323
	best hyp id: 732
	best hyperparameters: {'loss': 'BCEWithLogitsLoss', 'neg_samp': 'BasicNegativeSampler', 'lr': 0.01, 'reg_coeff': 0.01, 'npp': 25, 'margin': None, 'dim': 50}

For o min deg neighbnour > median ((1, 1.0, 22))
	best mrr: 0.4752213030602366
	best hyp id: 734
	best hyperparameters: {'loss': 'BCEWithLogitsLoss', 'neg_samp': 'BasicNegativeSampler', 'lr': 0.01, 'reg_coeff': 0.01, 'npp': 25, 'margin': None, 'dim': 250}
For o max deg neighbnour < median ((1, 2.0, 22))
	best mrr: 0.35159283606494224
	best hyp id: 734
	best hyperparameters: {'loss': 'BCEWithLogitsLoss', 'neg_samp': 'BasicNegativeSampler', 'lr': 0.01, 'reg_coeff': 0.01, 'npp': 25, 'margin': None, 'dim': 250}

For o max deg neighbnour > median ((1, 2.0, 22))
	best mrr: 0.4488948300254716
	best hyp id: 733
	best hyperparameters: {'loss': 'BCEWithLogitsLoss', 'neg_samp': 'BasicNegativeSampler', 'lr': 0.01, 'reg_coeff': 0.01, 'npp': 25, 'margin': None, 'dim': 100}
For o mean deg neighbnour < median ((1.0, 2.0, 22.0))
	best mrr: 0.3354598688844546
	best hyp id: 734
	best hyperparameters: {'loss': 'BCEWithLogitsLoss', 'neg_samp': 'BasicNegativeSampler', 'lr': 0.01, 'reg_coeff': 0.01, 'npp': 25, 'margin': None, 'dim': 250}

For o mean deg neighbnour > median ((1.0, 2.0, 22.0))
	best mrr: 0.5090102060993144
	best hyp id: 733
	best hyperparameters: {'loss': 'BCEWithLogitsLoss', 'neg_samp': 'BasicNegativeSampler', 'lr': 0.01, 'reg_coeff': 0.01, 'npp': 25, 'margin': None, 'dim': 100}
For o num neighbnours < median ((1, 1.0, 6))
	best mrr: 0.4253728374563977
	best hyp id: 733
	best hyperparameters: {'loss': 'BCEWithLogitsLoss', 'neg_samp': 'BasicNegativeSampler', 'lr': 0.01, 'reg_coeff': 0.01, 'npp': 25, 'margin': None, 'dim': 100}

For o num neighbnours > median ((1, 1.0, 6))
	best mrr: 0.3284410703262957
	best hyp id: 263
	best hyperparameters: {'loss': 'MarginRankingLoss', 'neg_samp': 'BernoulliNegativeSampler', 'lr': 0.01, 'reg_coeff': 0.01, 'npp': 125, 'margin': 2, 'dim': 50}
For o min freq rel < median ((9, 443.0, 3006))
	best mrr: 0.4358216525556116
	best hyp id: 734
	best hyperparameters: {'loss': 'BCEWithLogitsLoss', 'neg_samp': 'BasicNegativeSampler', 'lr': 0.01, 'reg_coeff': 0.01, 'npp': 25, 'margin': None, 'dim': 250}

For o min freq rel > median ((9, 443.0, 3006))
	best mrr: 0.35762474253363286
	best hyp id: 733
	best hyperparameters: {'loss': 'BCEWithLogitsLoss', 'neg_samp': 'BasicNegativeSampler', 'lr': 0.01, 'reg_coeff': 0.01, 'npp': 25, 'margin': None, 'dim': 100}
For o max freq rel < median ((9, 458.0, 3006))
	best mrr: 0.4313385111914413
	best hyp id: 734
	best hyperparameters: {'loss': 'BCEWithLogitsLoss', 'neg_samp': 'BasicNegativeSampler', 'lr': 0.01, 'reg_coeff': 0.01, 'npp': 25, 'margin': None, 'dim': 250}

For o max freq rel > median ((9, 458.0, 3006))
	best mrr: 0.3603864266727999
	best hyp id: 263
	best hyperparameters: {'loss': 'MarginRankingLoss', 'neg_samp': 'BernoulliNegativeSampler', 'lr': 0.01, 'reg_coeff': 0.01, 'npp': 125, 'margin': 2, 'dim': 50}
For o mean freq rel < median ((9.0, 458.0, 3006.0))
	best mrr: 0.4313385111914413
	best hyp id: 734
	best hyperparameters: {'loss': 'BCEWithLogitsLoss', 'neg_samp': 'BasicNegativeSampler', 'lr': 0.01, 'reg_coeff': 0.01, 'npp': 25, 'margin': None, 'dim': 250}

For o mean freq rel > median ((9.0, 458.0, 3006.0))
	best mrr: 0.3603864266727999
	best hyp id: 263
	best hyperparameters: {'loss': 'MarginRankingLoss', 'neg_samp': 'BernoulliNegativeSampler', 'lr': 0.01, 'reg_coeff': 0.01, 'npp': 125, 'margin': 2, 'dim': 50}
For o num rels < median ((1, 1.0, 5))
	best mrr: 0.3969629438522353
	best hyp id: 733
	best hyperparameters: {'loss': 'BCEWithLogitsLoss', 'neg_samp': 'BasicNegativeSampler', 'lr': 0.01, 'reg_coeff': 0.01, 'npp': 25, 'margin': None, 'dim': 100}

For o num rels > median ((1, 1.0, 5))
	best mrr: 0.36439271461875195
	best hyp id: 263
	best hyperparameters: {'loss': 'MarginRankingLoss', 'neg_samp': 'BernoulliNegativeSampler', 'lr': 0.01, 'reg_coeff': 0.01, 'npp': 125, 'margin': 2, 'dim': 50}
