STRUCT CORRELATION ANAYSIS
s_deg
	r : 0.005456470988035592
	r2 : 2.9773075643274113e-05

o_deg
	r : -0.02329525052533578
	r2 : 0.0005426686970381569

p_freq
	r : 0.118680277730311
	r2 : 0.014085008322143754

s_p_cofreq
	r : -0.0635863413009079
	r2 : 0.004043222800035546

o_p_cofreq
	r : 0.1286057230966278
	r2 : 0.016539432013206505

s_o_cofreq
	r : -0.02765645769799715
	r2 : 0.0007648796524011058

s min deg neighbnour
	r : -0.026101368653899015
	r2 : 0.0006812814456067421

s max deg neighbnour
	r : -0.02780100959774017
	r2 : 0.0007728961346536411

s mean deg neighbnour
	r : -0.04702931628827025
	r2 : 0.0022117565905421612

s num neighbnours
	r : 0.014825639704956782
	r2 : 0.00021979959266119103

s min freq rel
	r : 0.08430959407680777
	r2 : 0.0071081076533961

s max freq rel
	r : -0.0005464195812647707
	r2 : 2.9857435878956736e-07

s mean freq rel
	r : 0.06834750568233178
	r2 : 0.004671381532996375

s num rels
	r : -0.02864015143781812
	r2 : 0.0008202582743811554

o min deg neighbnour
	r : -0.040099902373310826
	r2 : 0.0016080021703490592

o max deg neighbnour
	r : -0.04148265778538142
	r2 : 0.0017208108969390657

o mean deg neighbnour
	r : -0.04559198683033651
	r2 : 0.0020786292631375775

o num neighbnours
	r : -0.02041925567659326
	r2 : 0.00041694600238608614

o min freq rel
	r : 0.05350374159513348
	r2 : 0.0028626503646788162

o max freq rel
	r : -0.09608672252237269
	r2 : 0.009232658245091443

o mean freq rel
	r : -0.021950790937235235
	r2 : 0.0004818372227702085

o num rels
	r : -0.06283436949319662
	r2 : 0.003948157989607558


HYP EFFECT ANAYSIS
loss single-element alternates -> mrr:
	 MarginRankingLoss -> 0.634972884305
	 BCEWithLogitsLoss -> 0.5829604414360335
	 CrossEntropyLoss -> 0.6150935034807903

neg_samp single-element alternates -> mrr:
	 BasicNegativeSampler -> 0.6131451863661667
	 BernoulliNegativeSampler -> 0.634972884305
	 PseudoTypedNegativeSampler -> 0.10634458595706535

lr single-element alternates -> mrr:
	 0.01 -> 0.634972884305
	 0.0001 -> 0.13922676838972983
	 1e-06 -> 0.040947161358041655

reg_coeff single-element alternates -> mrr:
	 0.01 -> 0.6223471024171299
	 0.0001 -> 0.6345606181948098
	 1e-06 -> 0.634972884305

npp single-element alternates -> mrr:
	 5 -> 0.6103779029808057
	 25 -> 0.6190599893696951
	 125 -> 0.634972884305

margin single-element alternates -> mrr:
	 0.5 -> 0.5175660626814024
	 1 -> 0.5588625357246615
	 2 -> 0.634972884305

dim single-element alternates -> mrr:
	 50 -> 0.634972884305
	 100 -> 0.6292421205861068
	 250 -> 0.623475990677253


STRUCTURAL CUTTOFF ANALYSIS
Overall
	best mrr: 0.634972884305
	best hyp id: 317
	best hyperparameters: {'loss': 'MarginRankingLoss', 'neg_samp': 'BernoulliNegativeSampler', 'lr': 0.01, 'reg_coeff': 1e-06, 'npp': 125, 'margin': 2, 'dim': 50}

For s_deg < median ((6, 84.0, 306))
	best mrr: 0.6810938426323244
	best hyp id: 984
	best hyperparameters: {'loss': 'CrossEntropyLoss', 'neg_samp': 'BasicNegativeSampler', 'lr': 0.01, 'reg_coeff': 0.0001, 'npp': 25, 'margin': None, 'dim': 50}
For s_deg > median ((6, 84.0, 306))
	best mrr: 0.6128079910487318
	best hyp id: 317
	best hyperparameters: {'loss': 'MarginRankingLoss', 'neg_samp': 'BernoulliNegativeSampler', 'lr': 0.01, 'reg_coeff': 1e-06, 'npp': 125, 'margin': 2, 'dim': 50}

For o_deg < median ((7, 122.0, 306))
	best mrr: 0.6699194617513362
	best hyp id: 284
	best hyperparameters: {'loss': 'MarginRankingLoss', 'neg_samp': 'BernoulliNegativeSampler', 'lr': 0.01, 'reg_coeff': 0.0001, 'npp': 25, 'margin': 2, 'dim': 100}
For o_deg > median ((7, 122.0, 306))
	best mrr: 0.6166267042366548
	best hyp id: 977
	best hyperparameters: {'loss': 'CrossEntropyLoss', 'neg_samp': 'BasicNegativeSampler', 'lr': 0.01, 'reg_coeff': 0.01, 'npp': 25, 'margin': None, 'dim': 250}

For p_freq < median ((6, 283.0, 803))
	best mrr: 0.7396456939552759
	best hyp id: 62
	best hyperparameters: {'loss': 'MarginRankingLoss', 'neg_samp': 'BasicNegativeSampler', 'lr': 0.01, 'reg_coeff': 1e-06, 'npp': 5, 'margin': 2, 'dim': 250}
For p_freq > median ((6, 283.0, 803))
	best mrr: 0.5324469844800079
	best hyp id: 290
	best hyperparameters: {'loss': 'MarginRankingLoss', 'neg_samp': 'BernoulliNegativeSampler', 'lr': 0.01, 'reg_coeff': 0.0001, 'npp': 125, 'margin': 2, 'dim': 50}

For s_p_cofreq < median ((0, 11.0, 38))
	best mrr: 0.6643657825281057
	best hyp id: 1078
	best hyperparameters: {'loss': 'CrossEntropyLoss', 'neg_samp': 'BernoulliNegativeSampler', 'lr': 0.01, 'reg_coeff': 1e-06, 'npp': 125, 'margin': None, 'dim': 100}
For s_p_cofreq > median ((0, 11.0, 38))
	best mrr: 0.621515379494409
	best hyp id: 317
	best hyperparameters: {'loss': 'MarginRankingLoss', 'neg_samp': 'BernoulliNegativeSampler', 'lr': 0.01, 'reg_coeff': 1e-06, 'npp': 125, 'margin': 2, 'dim': 50}

For o_p_cofreq < median ((0, 11.0, 115))
	best mrr: 0.7103107601462865
	best hyp id: 290
	best hyperparameters: {'loss': 'MarginRankingLoss', 'neg_samp': 'BernoulliNegativeSampler', 'lr': 0.01, 'reg_coeff': 0.0001, 'npp': 125, 'margin': 2, 'dim': 50}
For o_p_cofreq > median ((0, 11.0, 115))
	best mrr: 0.5752778368214891
	best hyp id: 986
	best hyperparameters: {'loss': 'CrossEntropyLoss', 'neg_samp': 'BasicNegativeSampler', 'lr': 0.01, 'reg_coeff': 0.0001, 'npp': 25, 'margin': None, 'dim': 250}

For s_o_cofreq < median ((0, 1.0, 9))
	best mrr: 0.6490746761709634
	best hyp id: 284
	best hyperparameters: {'loss': 'MarginRankingLoss', 'neg_samp': 'BernoulliNegativeSampler', 'lr': 0.01, 'reg_coeff': 0.0001, 'npp': 25, 'margin': 2, 'dim': 100}
For s_o_cofreq > median ((0, 1.0, 9))
	best mrr: 0.6303154845819517
	best hyp id: 977
	best hyperparameters: {'loss': 'CrossEntropyLoss', 'neg_samp': 'BasicNegativeSampler', 'lr': 0.01, 'reg_coeff': 0.01, 'npp': 25, 'margin': None, 'dim': 250}

For s min deg neighbnour < median ((7, 40.0, 292))
	best mrr: 0.6280761379365825
	best hyp id: 314
	best hyperparameters: {'loss': 'MarginRankingLoss', 'neg_samp': 'BernoulliNegativeSampler', 'lr': 0.01, 'reg_coeff': 1e-06, 'npp': 25, 'margin': 2, 'dim': 250}
For s min deg neighbnour > median ((7, 40.0, 292))
	best mrr: 0.6573039775020514
	best hyp id: 302
	best hyperparameters: {'loss': 'MarginRankingLoss', 'neg_samp': 'BernoulliNegativeSampler', 'lr': 0.01, 'reg_coeff': 1e-06, 'npp': 5, 'margin': 2, 'dim': 100}

For s max deg neighbnour < median ((20, 304.0, 306))
	best mrr: 0.6545400466841829
	best hyp id: 986
	best hyperparameters: {'loss': 'CrossEntropyLoss', 'neg_samp': 'BasicNegativeSampler', 'lr': 0.01, 'reg_coeff': 0.0001, 'npp': 25, 'margin': None, 'dim': 250}
For s max deg neighbnour > median ((20, 304.0, 306))
	best mrr: 0.6315385238584392
	best hyp id: 287
	best hyperparameters: {'loss': 'MarginRankingLoss', 'neg_samp': 'BernoulliNegativeSampler', 'lr': 0.01, 'reg_coeff': 0.0001, 'npp': 25, 'margin': 2, 'dim': 250}

For s mean deg neighbnour < median ((15.5, 132.5, 292.0))
	best mrr: 0.6186068390673654
	best hyp id: 290
	best hyperparameters: {'loss': 'MarginRankingLoss', 'neg_samp': 'BernoulliNegativeSampler', 'lr': 0.01, 'reg_coeff': 0.0001, 'npp': 125, 'margin': 2, 'dim': 50}
For s mean deg neighbnour > median ((15.5, 132.5, 292.0))
	best mrr: 0.6652069950398438
	best hyp id: 284
	best hyperparameters: {'loss': 'MarginRankingLoss', 'neg_samp': 'BernoulliNegativeSampler', 'lr': 0.01, 'reg_coeff': 0.0001, 'npp': 25, 'margin': 2, 'dim': 100}

For s num neighbnours < median ((1, 12.0, 34))
	best mrr: 0.6821454628203052
	best hyp id: 986
	best hyperparameters: {'loss': 'CrossEntropyLoss', 'neg_samp': 'BasicNegativeSampler', 'lr': 0.01, 'reg_coeff': 0.0001, 'npp': 25, 'margin': None, 'dim': 250}
For s num neighbnours > median ((1, 12.0, 34))
	best mrr: 0.6046003548630977
	best hyp id: 317
	best hyperparameters: {'loss': 'MarginRankingLoss', 'neg_samp': 'BernoulliNegativeSampler', 'lr': 0.01, 'reg_coeff': 1e-06, 'npp': 125, 'margin': 2, 'dim': 50}

For s min freq rel < median ((6, 35.0, 455))
	best mrr: 0.6490306077797079
	best hyp id: 320
	best hyperparameters: {'loss': 'MarginRankingLoss', 'neg_samp': 'BernoulliNegativeSampler', 'lr': 0.01, 'reg_coeff': 1e-06, 'npp': 125, 'margin': 2, 'dim': 100}
For s min freq rel > median ((6, 35.0, 455))
	best mrr: 0.6316905649107041
	best hyp id: 284
	best hyperparameters: {'loss': 'MarginRankingLoss', 'neg_samp': 'BernoulliNegativeSampler', 'lr': 0.01, 'reg_coeff': 0.0001, 'npp': 25, 'margin': 2, 'dim': 100}

s max freq rel
803.0
803
For s max freq rel < median ((30, 803.0, 803))
	best mrr: 0.634972884305
	best hyp id: 317
	best hyperparameters: {'loss': 'MarginRankingLoss', 'neg_samp': 'BernoulliNegativeSampler', 'lr': 0.01, 'reg_coeff': 1e-06, 'npp': 125, 'margin': 2, 'dim': 50}
For s max freq rel > median ((30, 803.0, 803))
	median = max, so no upper-set exists

For s mean freq rel < median ((30.0, 255.63636363636363, 552.3333333333334))
	best mrr: 0.6513769080962252
	best hyp id: 986
	best hyperparameters: {'loss': 'CrossEntropyLoss', 'neg_samp': 'BasicNegativeSampler', 'lr': 0.01, 'reg_coeff': 0.0001, 'npp': 25, 'margin': None, 'dim': 250}
For s mean freq rel > median ((30.0, 255.63636363636363, 552.3333333333334))
	best mrr: 0.6342417469737074
	best hyp id: 284
	best hyperparameters: {'loss': 'MarginRankingLoss', 'neg_samp': 'BernoulliNegativeSampler', 'lr': 0.01, 'reg_coeff': 0.0001, 'npp': 25, 'margin': 2, 'dim': 100}

For s num rels < median ((1, 7.0, 16))
	best mrr: 0.666677173808765
	best hyp id: 314
	best hyperparameters: {'loss': 'MarginRankingLoss', 'neg_samp': 'BernoulliNegativeSampler', 'lr': 0.01, 'reg_coeff': 1e-06, 'npp': 25, 'margin': 2, 'dim': 250}
For s num rels > median ((1, 7.0, 16))
	best mrr: 0.6154231935481935
	best hyp id: 317
	best hyperparameters: {'loss': 'MarginRankingLoss', 'neg_samp': 'BernoulliNegativeSampler', 'lr': 0.01, 'reg_coeff': 1e-06, 'npp': 125, 'margin': 2, 'dim': 50}

For o min deg neighbnour < median ((6, 40.0, 182))
	best mrr: 0.6339054523062158
	best hyp id: 986
	best hyperparameters: {'loss': 'CrossEntropyLoss', 'neg_samp': 'BasicNegativeSampler', 'lr': 0.01, 'reg_coeff': 0.0001, 'npp': 25, 'margin': None, 'dim': 250}
For o min deg neighbnour > median ((6, 40.0, 182))
	best mrr: 0.65256972929358
	best hyp id: 290
	best hyperparameters: {'loss': 'MarginRankingLoss', 'neg_samp': 'BernoulliNegativeSampler', 'lr': 0.01, 'reg_coeff': 0.0001, 'npp': 125, 'margin': 2, 'dim': 50}

For o max deg neighbnour < median ((16, 304.0, 306))
	best mrr: 0.6319233589478208
	best hyp id: 994
	best hyperparameters: {'loss': 'CrossEntropyLoss', 'neg_samp': 'BasicNegativeSampler', 'lr': 0.01, 'reg_coeff': 1e-06, 'npp': 25, 'margin': None, 'dim': 100}
For o max deg neighbnour > median ((16, 304.0, 306))
	best mrr: 0.6618202778309161
	best hyp id: 62
	best hyperparameters: {'loss': 'MarginRankingLoss', 'neg_samp': 'BasicNegativeSampler', 'lr': 0.01, 'reg_coeff': 1e-06, 'npp': 5, 'margin': 2, 'dim': 250}

For o mean deg neighbnour < median ((15.5, 130.75, 218.5))
	best mrr: 0.6583825122159297
	best hyp id: 986
	best hyperparameters: {'loss': 'CrossEntropyLoss', 'neg_samp': 'BasicNegativeSampler', 'lr': 0.01, 'reg_coeff': 0.0001, 'npp': 25, 'margin': None, 'dim': 250}
For o mean deg neighbnour > median ((15.5, 130.75, 218.5))
	best mrr: 0.6306545354070416
	best hyp id: 317
	best hyperparameters: {'loss': 'MarginRankingLoss', 'neg_samp': 'BernoulliNegativeSampler', 'lr': 0.01, 'reg_coeff': 1e-06, 'npp': 125, 'margin': 2, 'dim': 50}

For o num neighbnours < median ((1, 15.0, 34))
	best mrr: 0.662874945615139
	best hyp id: 320
	best hyperparameters: {'loss': 'MarginRankingLoss', 'neg_samp': 'BernoulliNegativeSampler', 'lr': 0.01, 'reg_coeff': 1e-06, 'npp': 125, 'margin': 2, 'dim': 100}
For o num neighbnours > median ((1, 15.0, 34))
	best mrr: 0.6178250255614709
	best hyp id: 986
	best hyperparameters: {'loss': 'CrossEntropyLoss', 'neg_samp': 'BasicNegativeSampler', 'lr': 0.01, 'reg_coeff': 0.0001, 'npp': 25, 'margin': None, 'dim': 250}

For o min freq rel < median ((6, 42.0, 455))
	best mrr: 0.6782266569259153
	best hyp id: 973
	best hyperparameters: {'loss': 'CrossEntropyLoss', 'neg_samp': 'BasicNegativeSampler', 'lr': 0.01, 'reg_coeff': 0.01, 'npp': 5, 'margin': None, 'dim': 100}
For o min freq rel > median ((6, 42.0, 455))
	best mrr: 0.6099284532285659
	best hyp id: 290
	best hyperparameters: {'loss': 'MarginRankingLoss', 'neg_samp': 'BernoulliNegativeSampler', 'lr': 0.01, 'reg_coeff': 0.0001, 'npp': 125, 'margin': 2, 'dim': 50}

o max freq rel
803.0
803
For o max freq rel < median ((15, 803.0, 803))
	best mrr: 0.634972884305
	best hyp id: 317
	best hyperparameters: {'loss': 'MarginRankingLoss', 'neg_samp': 'BernoulliNegativeSampler', 'lr': 0.01, 'reg_coeff': 1e-06, 'npp': 125, 'margin': 2, 'dim': 50}
For o max freq rel > median ((15, 803.0, 803))
	median = max, so no upper-set exists

For o mean freq rel < median ((15.0, 272.3636363636364, 552.3333333333334))
	best mrr: 0.6437136075985457
	best hyp id: 998
	best hyperparameters: {'loss': 'CrossEntropyLoss', 'neg_samp': 'BasicNegativeSampler', 'lr': 0.01, 'reg_coeff': 1e-06, 'npp': 125, 'margin': None, 'dim': 250}
For o mean freq rel > median ((15.0, 272.3636363636364, 552.3333333333334))
	best mrr: 0.6466561169968297
	best hyp id: 284
	best hyperparameters: {'loss': 'MarginRankingLoss', 'neg_samp': 'BernoulliNegativeSampler', 'lr': 0.01, 'reg_coeff': 0.0001, 'npp': 25, 'margin': 2, 'dim': 100}

For o num rels < median ((1, 8.0, 16))
	best mrr: 0.6550018084669965
	best hyp id: 987
	best hyperparameters: {'loss': 'CrossEntropyLoss', 'neg_samp': 'BasicNegativeSampler', 'lr': 0.01, 'reg_coeff': 0.0001, 'npp': 125, 'margin': None, 'dim': 50}
For o num rels > median ((1, 8.0, 16))
	best mrr: 0.6292293528827635
	best hyp id: 986
	best hyperparameters: {'loss': 'CrossEntropyLoss', 'neg_samp': 'BasicNegativeSampler', 'lr': 0.01, 'reg_coeff': 0.0001, 'npp': 25, 'margin': None, 'dim': 250}

