STRUCT CORRELATION ANAYSIS
s_deg
	r : -0.2415398982646147
	r2 : 0.05834152245368042

o_deg
	r : -0.2724579345348901
	r2 : 0.07423332609101846

p_freq
	r : -0.12486711564982385
	r2 : 0.015591796570706484

s_p_cofreq
	r : -0.20993229148861667
	r2 : 0.044071567009661514

o_p_cofreq
	r : -0.08334657292665665
	r2 : 0.006946651218618495

s_o_cofreq
	r : -0.16519891894770666
	r2 : 0.027290682821490955

s min deg neighbnour
	r : -0.10752506469795814
	r2 : 0.011561639538300084

s max deg neighbnour
	r : -0.34346595700064353
	r2 : 0.1179688636183679

s mean deg neighbnour
	r : -0.3017124689065549
	r2 : 0.09103041389368885

s num neighbnours
	r : -0.24394050173491963
	r2 : 0.059506968386684324

s min freq rel
	r : 0.029036658715198286
	r2 : 0.0008431275493429005

s max freq rel
	r : -0.2354421294349277
	r2 : 0.05543299631285325

s mean freq rel
	r : -0.0844861765039844
	r2 : 0.007137914020262407

s num rels
	r : -0.2464027614907468
	r2 : 0.060714320870265855

o min deg neighbnour
	r : -0.07801629717535
	r2 : 0.006086542624952524

o max deg neighbnour
	r : -0.3821443805809658
	r2 : 0.14603432760961002

o mean deg neighbnour
	r : -0.2880882681550031
	r2 : 0.08299485024854897

o num neighbnours
	r : -0.2618009170030646
	r2 : 0.06853972014364554

o min freq rel
	r : 0.13404584849762338
	r2 : 0.0179682894994478

o max freq rel
	r : -0.35388788759083867
	r2 : 0.12523663698350607

o mean freq rel
	r : -0.12124100271550498
	r2 : 0.014699380739461084

o num rels
	r : -0.27414991637089603
	r2 : 0.07515817664616929


HYP EFFECT ANAYSIS
loss single-element alternates -> mrr:
	 MarginRankingLoss -> 0.2207728643921823
	 BCEWithLogitsLoss -> 0.5501096834692856
	 CrossEntropyLoss -> 0.2900934793171909

neg_samp single-element alternates -> mrr:
	 BasicNegativeSampler -> 0.5242881622192159
	 BernoulliNegativeSampler -> 0.5501096834692856
	 PseudoTypedNegativeSampler -> 0.02143697121593942

lr single-element alternates -> mrr:
	 0.01 -> 0.5501096834692856
	 0.0001 -> 0.05319948187271996
	 1e-06 -> 0.04894132672490627

reg_coeff single-element alternates -> mrr:
	 0.01 -> 0.5501096834692856
	 0.0001 -> 0.30731843263822517
	 1e-06 -> 0.31425579411855076

npp single-element alternates -> mrr:
	 5 -> 0.3881693097007599
	 25 -> 0.5501096834692856
	 125 -> 0.2177692029787987

margin single-element alternates -> mrr:
	 None -> 0.5501096834692856

dim single-element alternates -> mrr:
	 50 -> 0.5501096834692856
	 100 -> 0.5500678554616831
	 250 -> 0.5392362646424682


STRUCTURAL CUTTOFF ANALYSIS
Overall
	best mrr: 0.5501096834692856
	best hyp id: 813
	best hyperparameters: {'loss': 'BCEWithLogitsLoss', 'neg_samp': 'BernoulliNegativeSampler', 'lr': 0.01, 'reg_coeff': 0.01, 'npp': 25, 'margin': None, 'dim': 50}

For s_deg < median ((6, 84.0, 306))
	best mrr: 0.4864182927038425
	best hyp id: 813
	best hyperparameters: {'loss': 'BCEWithLogitsLoss', 'neg_samp': 'BernoulliNegativeSampler', 'lr': 0.01, 'reg_coeff': 0.01, 'npp': 25, 'margin': None, 'dim': 50}
For s_deg > median ((6, 84.0, 306))
	best mrr: 0.6215207055542041
	best hyp id: 815
	best hyperparameters: {'loss': 'BCEWithLogitsLoss', 'neg_samp': 'BernoulliNegativeSampler', 'lr': 0.01, 'reg_coeff': 0.01, 'npp': 25, 'margin': None, 'dim': 250}

For o_deg < median ((7, 122.0, 306))
	best mrr: 0.47696041343376977
	best hyp id: 813
	best hyperparameters: {'loss': 'BCEWithLogitsLoss', 'neg_samp': 'BernoulliNegativeSampler', 'lr': 0.01, 'reg_coeff': 0.01, 'npp': 25, 'margin': None, 'dim': 50}
For o_deg > median ((7, 122.0, 306))
	best mrr: 0.6369483169695879
	best hyp id: 814
	best hyperparameters: {'loss': 'BCEWithLogitsLoss', 'neg_samp': 'BernoulliNegativeSampler', 'lr': 0.01, 'reg_coeff': 0.01, 'npp': 25, 'margin': None, 'dim': 100}

For p_freq < median ((6, 283.0, 803))
	best mrr: 0.6001350200263639
	best hyp id: 813
	best hyperparameters: {'loss': 'BCEWithLogitsLoss', 'neg_samp': 'BernoulliNegativeSampler', 'lr': 0.01, 'reg_coeff': 0.01, 'npp': 25, 'margin': None, 'dim': 50}
For p_freq > median ((6, 283.0, 803))
	best mrr: 0.5048580467548234
	best hyp id: 814
	best hyperparameters: {'loss': 'BCEWithLogitsLoss', 'neg_samp': 'BernoulliNegativeSampler', 'lr': 0.01, 'reg_coeff': 0.01, 'npp': 25, 'margin': None, 'dim': 100}

For s_p_cofreq < median ((0, 11.0, 38))
	best mrr: 0.5222689474727712
	best hyp id: 813
	best hyperparameters: {'loss': 'BCEWithLogitsLoss', 'neg_samp': 'BernoulliNegativeSampler', 'lr': 0.01, 'reg_coeff': 0.01, 'npp': 25, 'margin': None, 'dim': 50}
For s_p_cofreq > median ((0, 11.0, 38))
	best mrr: 0.5878906112703042
	best hyp id: 814
	best hyperparameters: {'loss': 'BCEWithLogitsLoss', 'neg_samp': 'BernoulliNegativeSampler', 'lr': 0.01, 'reg_coeff': 0.01, 'npp': 25, 'margin': None, 'dim': 100}

For o_p_cofreq < median ((0, 11.0, 115))
	best mrr: 0.5632268817780375
	best hyp id: 814
	best hyperparameters: {'loss': 'BCEWithLogitsLoss', 'neg_samp': 'BernoulliNegativeSampler', 'lr': 0.01, 'reg_coeff': 0.01, 'npp': 25, 'margin': None, 'dim': 100}
For o_p_cofreq > median ((0, 11.0, 115))
	best mrr: 0.5432696431668955
	best hyp id: 813
	best hyperparameters: {'loss': 'BCEWithLogitsLoss', 'neg_samp': 'BernoulliNegativeSampler', 'lr': 0.01, 'reg_coeff': 0.01, 'npp': 25, 'margin': None, 'dim': 50}

For s_o_cofreq < median ((0, 1.0, 9))
	best mrr: 0.5093760772378516
	best hyp id: 813
	best hyperparameters: {'loss': 'BCEWithLogitsLoss', 'neg_samp': 'BernoulliNegativeSampler', 'lr': 0.01, 'reg_coeff': 0.01, 'npp': 25, 'margin': None, 'dim': 50}
For s_o_cofreq > median ((0, 1.0, 9))
	best mrr: 0.6751789653775156
	best hyp id: 814
	best hyperparameters: {'loss': 'BCEWithLogitsLoss', 'neg_samp': 'BernoulliNegativeSampler', 'lr': 0.01, 'reg_coeff': 0.01, 'npp': 25, 'margin': None, 'dim': 100}

For s min deg neighbnour < median ((7, 40.0, 292))
	best mrr: 0.5551705681537453
	best hyp id: 814
	best hyperparameters: {'loss': 'BCEWithLogitsLoss', 'neg_samp': 'BernoulliNegativeSampler', 'lr': 0.01, 'reg_coeff': 0.01, 'npp': 25, 'margin': None, 'dim': 100}
For s min deg neighbnour > median ((7, 40.0, 292))
	best mrr: 0.5553219743733574
	best hyp id: 813
	best hyperparameters: {'loss': 'BCEWithLogitsLoss', 'neg_samp': 'BernoulliNegativeSampler', 'lr': 0.01, 'reg_coeff': 0.01, 'npp': 25, 'margin': None, 'dim': 50}

For s max deg neighbnour < median ((20, 304.0, 306))
	best mrr: 0.5218358411792635
	best hyp id: 814
	best hyperparameters: {'loss': 'BCEWithLogitsLoss', 'neg_samp': 'BernoulliNegativeSampler', 'lr': 0.01, 'reg_coeff': 0.01, 'npp': 25, 'margin': None, 'dim': 100}
For s max deg neighbnour > median ((20, 304.0, 306))
	best mrr: 0.6132825053259634
	best hyp id: 813
	best hyperparameters: {'loss': 'BCEWithLogitsLoss', 'neg_samp': 'BernoulliNegativeSampler', 'lr': 0.01, 'reg_coeff': 0.01, 'npp': 25, 'margin': None, 'dim': 50}

For s mean deg neighbnour < median ((15.5, 132.5, 292.0))
	best mrr: 0.5183978899564288
	best hyp id: 814
	best hyperparameters: {'loss': 'BCEWithLogitsLoss', 'neg_samp': 'BernoulliNegativeSampler', 'lr': 0.01, 'reg_coeff': 0.01, 'npp': 25, 'margin': None, 'dim': 100}
For s mean deg neighbnour > median ((15.5, 132.5, 292.0))
	best mrr: 0.5988031187092901
	best hyp id: 813
	best hyperparameters: {'loss': 'BCEWithLogitsLoss', 'neg_samp': 'BernoulliNegativeSampler', 'lr': 0.01, 'reg_coeff': 0.01, 'npp': 25, 'margin': None, 'dim': 50}

For s num neighbnours < median ((1, 12.0, 34))
	best mrr: 0.5055131274877857
	best hyp id: 813
	best hyperparameters: {'loss': 'BCEWithLogitsLoss', 'neg_samp': 'BernoulliNegativeSampler', 'lr': 0.01, 'reg_coeff': 0.01, 'npp': 25, 'margin': None, 'dim': 50}
For s num neighbnours > median ((1, 12.0, 34))
	best mrr: 0.6117298232173805
	best hyp id: 815
	best hyperparameters: {'loss': 'BCEWithLogitsLoss', 'neg_samp': 'BernoulliNegativeSampler', 'lr': 0.01, 'reg_coeff': 0.01, 'npp': 25, 'margin': None, 'dim': 250}

For s min freq rel < median ((6, 35.0, 455))
	best mrr: 0.5521454664544666
	best hyp id: 813
	best hyperparameters: {'loss': 'BCEWithLogitsLoss', 'neg_samp': 'BernoulliNegativeSampler', 'lr': 0.01, 'reg_coeff': 0.01, 'npp': 25, 'margin': None, 'dim': 50}
For s min freq rel > median ((6, 35.0, 455))
	best mrr: 0.555312702225073
	best hyp id: 734
	best hyperparameters: {'loss': 'BCEWithLogitsLoss', 'neg_samp': 'BasicNegativeSampler', 'lr': 0.01, 'reg_coeff': 0.01, 'npp': 25, 'margin': None, 'dim': 250}

s max freq rel
803.0
803
For s max freq rel < median ((30, 803.0, 803))
	best mrr: 0.5501096834692856
	best hyp id: 813
	best hyperparameters: {'loss': 'BCEWithLogitsLoss', 'neg_samp': 'BernoulliNegativeSampler', 'lr': 0.01, 'reg_coeff': 0.01, 'npp': 25, 'margin': None, 'dim': 50}
For s max freq rel > median ((30, 803.0, 803))
	median = max, so no upper-set exists

For s mean freq rel < median ((30.0, 255.63636363636363, 552.3333333333334))
	best mrr: 0.5578155603179891
	best hyp id: 814
	best hyperparameters: {'loss': 'BCEWithLogitsLoss', 'neg_samp': 'BernoulliNegativeSampler', 'lr': 0.01, 'reg_coeff': 0.01, 'npp': 25, 'margin': None, 'dim': 100}
For s mean freq rel > median ((30.0, 255.63636363636363, 552.3333333333334))
	best mrr: 0.5489155084392044
	best hyp id: 813
	best hyperparameters: {'loss': 'BCEWithLogitsLoss', 'neg_samp': 'BernoulliNegativeSampler', 'lr': 0.01, 'reg_coeff': 0.01, 'npp': 25, 'margin': None, 'dim': 50}

For s num rels < median ((1, 7.0, 16))
	best mrr: 0.48981452204530956
	best hyp id: 813
	best hyperparameters: {'loss': 'BCEWithLogitsLoss', 'neg_samp': 'BernoulliNegativeSampler', 'lr': 0.01, 'reg_coeff': 0.01, 'npp': 25, 'margin': None, 'dim': 50}
For s num rels > median ((1, 7.0, 16))
	best mrr: 0.6397772954423412
	best hyp id: 815
	best hyperparameters: {'loss': 'BCEWithLogitsLoss', 'neg_samp': 'BernoulliNegativeSampler', 'lr': 0.01, 'reg_coeff': 0.01, 'npp': 25, 'margin': None, 'dim': 250}

For o min deg neighbnour < median ((6, 40.0, 182))
	best mrr: 0.5756842263208475
	best hyp id: 813
	best hyperparameters: {'loss': 'BCEWithLogitsLoss', 'neg_samp': 'BernoulliNegativeSampler', 'lr': 0.01, 'reg_coeff': 0.01, 'npp': 25, 'margin': None, 'dim': 50}
For o min deg neighbnour > median ((6, 40.0, 182))
	best mrr: 0.536583101884327
	best hyp id: 734
	best hyperparameters: {'loss': 'BCEWithLogitsLoss', 'neg_samp': 'BasicNegativeSampler', 'lr': 0.01, 'reg_coeff': 0.01, 'npp': 25, 'margin': None, 'dim': 250}

For o max deg neighbnour < median ((16, 304.0, 306))
	best mrr: 0.5005942475916659
	best hyp id: 813
	best hyperparameters: {'loss': 'BCEWithLogitsLoss', 'neg_samp': 'BernoulliNegativeSampler', 'lr': 0.01, 'reg_coeff': 0.01, 'npp': 25, 'margin': None, 'dim': 50}
For o max deg neighbnour > median ((16, 304.0, 306))
	best mrr: 0.6480107656239522
	best hyp id: 814
	best hyperparameters: {'loss': 'BCEWithLogitsLoss', 'neg_samp': 'BernoulliNegativeSampler', 'lr': 0.01, 'reg_coeff': 0.01, 'npp': 25, 'margin': None, 'dim': 100}

For o mean deg neighbnour < median ((15.5, 130.75, 218.5))
	best mrr: 0.5476074484617485
	best hyp id: 814
	best hyperparameters: {'loss': 'BCEWithLogitsLoss', 'neg_samp': 'BernoulliNegativeSampler', 'lr': 0.01, 'reg_coeff': 0.01, 'npp': 25, 'margin': None, 'dim': 100}
For o mean deg neighbnour > median ((15.5, 130.75, 218.5))
	best mrr: 0.5534800070289356
	best hyp id: 813
	best hyperparameters: {'loss': 'BCEWithLogitsLoss', 'neg_samp': 'BernoulliNegativeSampler', 'lr': 0.01, 'reg_coeff': 0.01, 'npp': 25, 'margin': None, 'dim': 50}

For o num neighbnours < median ((1, 15.0, 34))
	best mrr: 0.48037966812946564
	best hyp id: 813
	best hyperparameters: {'loss': 'BCEWithLogitsLoss', 'neg_samp': 'BernoulliNegativeSampler', 'lr': 0.01, 'reg_coeff': 0.01, 'npp': 25, 'margin': None, 'dim': 50}
For o num neighbnours > median ((1, 15.0, 34))
	best mrr: 0.6353534841053425
	best hyp id: 814
	best hyperparameters: {'loss': 'BCEWithLogitsLoss', 'neg_samp': 'BernoulliNegativeSampler', 'lr': 0.01, 'reg_coeff': 0.01, 'npp': 25, 'margin': None, 'dim': 100}

For o min freq rel < median ((6, 42.0, 455))
	best mrr: 0.5940806069932315
	best hyp id: 813
	best hyperparameters: {'loss': 'BCEWithLogitsLoss', 'neg_samp': 'BernoulliNegativeSampler', 'lr': 0.01, 'reg_coeff': 0.01, 'npp': 25, 'margin': None, 'dim': 50}
For o min freq rel > median ((6, 42.0, 455))
	best mrr: 0.5274976985787245
	best hyp id: 734
	best hyperparameters: {'loss': 'BCEWithLogitsLoss', 'neg_samp': 'BasicNegativeSampler', 'lr': 0.01, 'reg_coeff': 0.01, 'npp': 25, 'margin': None, 'dim': 250}

o max freq rel
803.0
803
For o max freq rel < median ((15, 803.0, 803))
	best mrr: 0.5501096834692856
	best hyp id: 813
	best hyperparameters: {'loss': 'BCEWithLogitsLoss', 'neg_samp': 'BernoulliNegativeSampler', 'lr': 0.01, 'reg_coeff': 0.01, 'npp': 25, 'margin': None, 'dim': 50}
For o max freq rel > median ((15, 803.0, 803))
	median = max, so no upper-set exists

For o mean freq rel < median ((15.0, 272.3636363636364, 552.3333333333334))
	best mrr: 0.5735144684447404
	best hyp id: 814
	best hyperparameters: {'loss': 'BCEWithLogitsLoss', 'neg_samp': 'BernoulliNegativeSampler', 'lr': 0.01, 'reg_coeff': 0.01, 'npp': 25, 'margin': None, 'dim': 100}
For o mean freq rel > median ((15.0, 272.3636363636364, 552.3333333333334))
	best mrr: 0.5323086436983695
	best hyp id: 813
	best hyperparameters: {'loss': 'BCEWithLogitsLoss', 'neg_samp': 'BernoulliNegativeSampler', 'lr': 0.01, 'reg_coeff': 0.01, 'npp': 25, 'margin': None, 'dim': 50}

For o num rels < median ((1, 8.0, 16))
	best mrr: 0.48780067837987173
	best hyp id: 813
	best hyperparameters: {'loss': 'BCEWithLogitsLoss', 'neg_samp': 'BernoulliNegativeSampler', 'lr': 0.01, 'reg_coeff': 0.01, 'npp': 25, 'margin': None, 'dim': 50}
For o num rels > median ((1, 8.0, 16))
	best mrr: 0.6445885743480052
	best hyp id: 814
	best hyperparameters: {'loss': 'BCEWithLogitsLoss', 'neg_samp': 'BernoulliNegativeSampler', 'lr': 0.01, 'reg_coeff': 0.01, 'npp': 25, 'margin': None, 'dim': 100}

